  Bidding Range.cpp
C:\Users\Teoh\New folder\mum-call-for-code\cplex\bidding range\Bidding Range\Header.h(163,12): warning C4244: 'argument': conversion from 'time_t' to 'unsigned int', possible loss of data
C:\Users\Teoh\New folder\mum-call-for-code\cplex\bidding range\Bidding Range\Header.h(228,24): warning C4305: '=': truncation from 'double' to 'float'
C:\Users\Teoh\New folder\mum-call-for-code\cplex\bidding range\Bidding Range\Header.h(229,24): warning C4305: '=': truncation from 'double' to 'float'
C:\Users\Teoh\New folder\mum-call-for-code\cplex\bidding range\Bidding Range\Header.h(259,24): warning C4305: '=': truncation from 'double' to 'float'
C:\Users\Teoh\New folder\mum-call-for-code\cplex\bidding range\Bidding Range\Header.h(260,24): warning C4305: '=': truncation from 'double' to 'float'
C:\Users\Teoh\New folder\mum-call-for-code\cplex\bidding range\Bidding Range\Header.h(261,24): warning C4305: '=': truncation from 'double' to 'float'
C:\Users\Teoh\New folder\mum-call-for-code\cplex\bidding range\Bidding Range\Header.h(262,24): warning C4305: '=': truncation from 'double' to 'float'
C:\Users\Teoh\New folder\mum-call-for-code\cplex\bidding range\Bidding Range\Header.h(263,24): warning C4305: '=': truncation from 'double' to 'float'
C:\Users\Teoh\New folder\mum-call-for-code\cplex\bidding range\Bidding Range\Header.h(306,24): warning C4305: '=': truncation from 'double' to 'float'
C:\Users\Teoh\New folder\mum-call-for-code\cplex\bidding range\Bidding Range\Header.h(307,24): warning C4305: '=': truncation from 'double' to 'float'
C:\Users\Teoh\New folder\mum-call-for-code\cplex\bidding range\Bidding Range\Header.h(301,9): warning C4101: 'J': unreferenced local variable
C:\Users\Teoh\New folder\mum-call-for-code\cplex\bidding range\Bidding Range\Header.h(373,29): warning C4244: '=': conversion from 'IloInt' to 'IloNum', possible loss of data
C:\Users\Teoh\New folder\mum-call-for-code\cplex\bidding range\Bidding Range\Header.h(406,29): warning C4244: '=': conversion from 'IloInt' to 'IloNum', possible loss of data
C:\Users\Teoh\New folder\mum-call-for-code\cplex\bidding range\Bidding Range\Header.h(436,9): warning C4101: 'i': unreferenced local variable
C:\Users\Teoh\New folder\mum-call-for-code\cplex\bidding range\Bidding Range\Header.h(443,9): warning C4101: 'i': unreferenced local variable
C:\Users\Teoh\New folder\mum-call-for-code\cplex\bidding range\Bidding Range\Header.h(450,9): warning C4101: 'i': unreferenced local variable
C:\Users\Teoh\New folder\mum-call-for-code\cplex\bidding range\Bidding Range\Header.h(457,9): warning C4101: 'i': unreferenced local variable
C:\Users\Teoh\New folder\mum-call-for-code\cplex\bidding range\Bidding Range\Header.h(472,9): warning C4101: 'i': unreferenced local variable
C:\Users\Teoh\New folder\mum-call-for-code\cplex\bidding range\Bidding Range\Bidding Range.cpp(36,43): warning C4244: 'argument': conversion from 'IloNum' to '_Ty', possible loss of data
          with
          [
              _Ty=int
          ]
C:\Users\Teoh\New folder\mum-call-for-code\cplex\bidding range\Bidding Range\Bidding Range.cpp(37,43): warning C4244: 'argument': conversion from 'IloNum' to '_Ty', possible loss of data
          with
          [
              _Ty=int
          ]
C:\Users\Teoh\New folder\mum-call-for-code\cplex\bidding range\Bidding Range\Bidding Range.cpp(38,43): warning C4244: 'argument': conversion from 'IloNum' to '_Ty', possible loss of data
          with
          [
              _Ty=int
          ]
C:\Users\Teoh\New folder\mum-call-for-code\cplex\bidding range\Bidding Range\Bidding Range.cpp(40,35): warning C4244: '=': conversion from 'IloNum' to 'IloInt', possible loss of data
C:\Users\Teoh\New folder\mum-call-for-code\cplex\bidding range\Bidding Range\Bidding Range.cpp(41,35): warning C4244: '=': conversion from 'IloNum' to 'IloInt', possible loss of data
C:\Users\Teoh\New folder\mum-call-for-code\cplex\bidding range\Bidding Range\Bidding Range.cpp(52,44): warning C4244: '=': conversion from 'IloNum' to '_Ty', possible loss of data
          with
          [
              _Ty=int
          ]
  Generating code
  0 of 529 functions ( 0.0%) were compiled, the rest were copied from previous compilation.
    0 functions were new in current compilation
    0 functions had inline decision re-evaluated but remain unchanged
  Finished generating code
concert.lib(iloalg.obj) : warning LNK4099: PDB 'concert.pdb' was not found with 'concert.lib(iloalg.obj)' or at 'C:\Users\Teoh\New folder\mum-call-for-code\cplex\bidding range\x64\Release\concert.pdb'; linking object as if no debug info
concert.lib(iloallocator.obj) : warning LNK4099: PDB 'concert.pdb' was not found with 'concert.lib(iloallocator.obj)' or at 'C:\Users\Teoh\New folder\mum-call-for-code\cplex\bidding range\x64\Release\concert.pdb'; linking object as if no debug info
concert.lib(iloanyexpr.obj) : warning LNK4099: PDB 'concert.pdb' was not found with 'concert.lib(iloanyexpr.obj)' or at 'C:\Users\Teoh\New folder\mum-call-for-code\cplex\bidding range\x64\Release\concert.pdb'; linking object as if no debug info
concert.lib(iloconstraint.obj) : warning LNK4099: PDB 'concert.pdb' was not found with 'concert.lib(iloconstraint.obj)' or at 'C:\Users\Teoh\New folder\mum-call-for-code\cplex\bidding range\x64\Release\concert.pdb'; linking object as if no debug info
concert.lib(iloenv.obj) : warning LNK4099: PDB 'concert.pdb' was not found with 'concert.lib(iloenv.obj)' or at 'C:\Users\Teoh\New folder\mum-call-for-code\cplex\bidding range\x64\Release\concert.pdb'; linking object as if no debug info
concert.lib(iloexpression.obj) : warning LNK4099: PDB 'concert.pdb' was not found with 'concert.lib(iloexpression.obj)' or at 'C:\Users\Teoh\New folder\mum-call-for-code\cplex\bidding range\x64\Release\concert.pdb'; linking object as if no debug info
concert.lib(iloextractable.obj) : warning LNK4099: PDB '' was not found with 'concert.lib(iloextractable.obj)' or at ''; linking object as if no debug info
concert.lib(ilohash.obj) : warning LNK4099: PDB '' was not found with 'concert.lib(ilohash.obj)' or at ''; linking object as if no debug info
concert.lib(iloiterator.obj) : warning LNK4099: PDB 'concert.pdb' was not found with 'concert.lib(iloiterator.obj)' or at 'C:\Users\Teoh\New folder\mum-call-for-code\cplex\bidding range\x64\Release\concert.pdb'; linking object as if no debug info
concert.lib(ilomap.obj) : warning LNK4099: PDB 'concert.pdb' was not found with 'concert.lib(ilomap.obj)' or at 'C:\Users\Teoh\New folder\mum-call-for-code\cplex\bidding range\x64\Release\concert.pdb'; linking object as if no debug info
concert.lib(ilorandom.obj) : warning LNK4099: PDB '' was not found with 'concert.lib(ilorandom.obj)' or at ''; linking object as if no debug info
concert.lib(ilosatomi.obj) : warning LNK4099: PDB 'concert.pdb' was not found with 'concert.lib(ilosatomi.obj)' or at 'C:\Users\Teoh\New folder\mum-call-for-code\cplex\bidding range\x64\Release\concert.pdb'; linking object as if no debug info
concert.lib(ilosbasic.obj) : warning LNK4099: PDB 'concert.pdb' was not found with 'concert.lib(ilosbasic.obj)' or at 'C:\Users\Teoh\New folder\mum-call-for-code\cplex\bidding range\x64\Release\concert.pdb'; linking object as if no debug info
concert.lib(ilosdisplayi.obj) : warning LNK4099: PDB 'concert.pdb' was not found with 'concert.lib(ilosdisplayi.obj)' or at 'C:\Users\Teoh\New folder\mum-call-for-code\cplex\bidding range\x64\Release\concert.pdb'; linking object as if no debug info
concert.lib(iloserror.obj) : warning LNK4099: PDB 'concert.pdb' was not found with 'concert.lib(iloserror.obj)' or at 'C:\Users\Teoh\New folder\mum-call-for-code\cplex\bidding range\x64\Release\concert.pdb'; linking object as if no debug info
concert.lib(iloset.obj) : warning LNK4099: PDB '' was not found with 'concert.lib(iloset.obj)' or at ''; linking object as if no debug info
concert.lib(ilosmodel.obj) : warning LNK4099: PDB 'concert.pdb' was not found with 'concert.lib(ilosmodel.obj)' or at 'C:\Users\Teoh\New folder\mum-call-for-code\cplex\bidding range\x64\Release\concert.pdb'; linking object as if no debug info
concert.lib(ilosolution.obj) : warning LNK4099: PDB 'concert.pdb' was not found with 'concert.lib(ilosolution.obj)' or at 'C:\Users\Teoh\New folder\mum-call-for-code\cplex\bidding range\x64\Release\concert.pdb'; linking object as if no debug info
concert.lib(ilossequencei.obj) : warning LNK4099: PDB 'concert.pdb' was not found with 'concert.lib(ilossequencei.obj)' or at 'C:\Users\Teoh\New folder\mum-call-for-code\cplex\bidding range\x64\Release\concert.pdb'; linking object as if no debug info
concert.lib(ilossol.obj) : warning LNK4099: PDB 'concert.pdb' was not found with 'concert.lib(ilossol.obj)' or at 'C:\Users\Teoh\New folder\mum-call-for-code\cplex\bidding range\x64\Release\concert.pdb'; linking object as if no debug info
concert.lib(ilosstructi.obj) : warning LNK4099: PDB 'concert.pdb' was not found with 'concert.lib(ilosstructi.obj)' or at 'C:\Users\Teoh\New folder\mum-call-for-code\cplex\bidding range\x64\Release\concert.pdb'; linking object as if no debug info
concert.lib(ilostimei.obj) : warning LNK4099: PDB '' was not found with 'concert.lib(ilostimei.obj)' or at ''; linking object as if no debug info
concert.lib(ilothread.obj) : warning LNK4099: PDB 'concert.pdb' was not found with 'concert.lib(ilothread.obj)' or at 'C:\Users\Teoh\New folder\mum-call-for-code\cplex\bidding range\x64\Release\concert.pdb'; linking object as if no debug info
concert.lib(ilotypes.obj) : warning LNK4099: PDB 'concert.pdb' was not found with 'concert.lib(ilotypes.obj)' or at 'C:\Users\Teoh\New folder\mum-call-for-code\cplex\bidding range\x64\Release\concert.pdb'; linking object as if no debug info
concert.lib(ilocollection.obj) : warning LNK4099: PDB 'concert.pdb' was not found with 'concert.lib(ilocollection.obj)' or at 'C:\Users\Teoh\New folder\mum-call-for-code\cplex\bidding range\x64\Release\concert.pdb'; linking object as if no debug info
concert.lib(ilocollectioniterator.obj) : warning LNK4099: PDB '' was not found with 'concert.lib(ilocollectioniterator.obj)' or at ''; linking object as if no debug info
concert.lib(ilocollectionoperator.obj) : warning LNK4099: PDB '' was not found with 'concert.lib(ilocollectionoperator.obj)' or at ''; linking object as if no debug info
concert.lib(ilocollectionstruct.obj) : warning LNK4099: PDB '' was not found with 'concert.lib(ilocollectionstruct.obj)' or at ''; linking object as if no debug info
concert.lib(ilosimplecollection.obj) : warning LNK4099: PDB 'concert.pdb' was not found with 'concert.lib(ilosimplecollection.obj)' or at 'C:\Users\Teoh\New folder\mum-call-for-code\cplex\bidding range\x64\Release\concert.pdb'; linking object as if no debug info
concert.lib(ilocsvreader.obj) : warning LNK4099: PDB 'concert.pdb' was not found with 'concert.lib(ilocsvreader.obj)' or at 'C:\Users\Teoh\New folder\mum-call-for-code\cplex\bidding range\x64\Release\concert.pdb'; linking object as if no debug info
concert.lib(ilointervalsi.obj) : warning LNK4099: PDB 'concert.pdb' was not found with 'concert.lib(ilointervalsi.obj)' or at 'C:\Users\Teoh\New folder\mum-call-for-code\cplex\bidding range\x64\Release\concert.pdb'; linking object as if no debug info
concert.lib(ilonumfunci.obj) : warning LNK4099: PDB '' was not found with 'concert.lib(ilonumfunci.obj)' or at ''; linking object as if no debug info
concert.lib(iloparami.obj) : warning LNK4099: PDB 'concert.pdb' was not found with 'concert.lib(iloparami.obj)' or at 'C:\Users\Teoh\New folder\mum-call-for-code\cplex\bidding range\x64\Release\concert.pdb'; linking object as if no debug info
concert.lib(iloskiplist.obj) : warning LNK4099: PDB 'concert.pdb' was not found with 'concert.lib(iloskiplist.obj)' or at 'C:\Users\Teoh\New folder\mum-call-for-code\cplex\bidding range\x64\Release\concert.pdb'; linking object as if no debug info
concert.lib(evalexpand.obj) : warning LNK4099: PDB 'concert.pdb' was not found with 'concert.lib(evalexpand.obj)' or at 'C:\Users\Teoh\New folder\mum-call-for-code\cplex\bidding range\x64\Release\concert.pdb'; linking object as if no debug info
concert.lib(evalkernel.obj) : warning LNK4099: PDB 'concert.pdb' was not found with 'concert.lib(evalkernel.obj)' or at 'C:\Users\Teoh\New folder\mum-call-for-code\cplex\bidding range\x64\Release\concert.pdb'; linking object as if no debug info
concert.lib(evaluator.obj) : warning LNK4099: PDB 'concert.pdb' was not found with 'concert.lib(evaluator.obj)' or at 'C:\Users\Teoh\New folder\mum-call-for-code\cplex\bidding range\x64\Release\concert.pdb'; linking object as if no debug info
concert.lib(strtod.obj) : warning LNK4099: PDB 'concert.pdb' was not found with 'concert.lib(strtod.obj)' or at 'C:\Users\Teoh\New folder\mum-call-for-code\cplex\bidding range\x64\Release\concert.pdb'; linking object as if no debug info
  Bidding Range.vcxproj -> C:\Users\Teoh\New folder\mum-call-for-code\cplex\bidding range\x64\Release\Bidding Range.exe
