  PoSo verifing.cpp
C:\Users\Teoh\New folder\mum-call-for-code\cplex\Proof of Solution\Proof of Solution\Header.h(164,12): warning C4244: 'argument': conversion from 'time_t' to 'unsigned int', possible loss of data
C:\Users\Teoh\New folder\mum-call-for-code\cplex\Proof of Solution\Proof of Solution\Header.h(229,24): warning C4305: '=': truncation from 'double' to 'float'
C:\Users\Teoh\New folder\mum-call-for-code\cplex\Proof of Solution\Proof of Solution\Header.h(230,24): warning C4305: '=': truncation from 'double' to 'float'
C:\Users\Teoh\New folder\mum-call-for-code\cplex\Proof of Solution\Proof of Solution\Header.h(260,24): warning C4305: '=': truncation from 'double' to 'float'
C:\Users\Teoh\New folder\mum-call-for-code\cplex\Proof of Solution\Proof of Solution\Header.h(261,24): warning C4305: '=': truncation from 'double' to 'float'
C:\Users\Teoh\New folder\mum-call-for-code\cplex\Proof of Solution\Proof of Solution\Header.h(262,24): warning C4305: '=': truncation from 'double' to 'float'
C:\Users\Teoh\New folder\mum-call-for-code\cplex\Proof of Solution\Proof of Solution\Header.h(263,24): warning C4305: '=': truncation from 'double' to 'float'
C:\Users\Teoh\New folder\mum-call-for-code\cplex\Proof of Solution\Proof of Solution\Header.h(264,24): warning C4305: '=': truncation from 'double' to 'float'
C:\Users\Teoh\New folder\mum-call-for-code\cplex\Proof of Solution\Proof of Solution\Header.h(307,24): warning C4305: '=': truncation from 'double' to 'float'
C:\Users\Teoh\New folder\mum-call-for-code\cplex\Proof of Solution\Proof of Solution\Header.h(308,24): warning C4305: '=': truncation from 'double' to 'float'
C:\Users\Teoh\New folder\mum-call-for-code\cplex\Proof of Solution\Proof of Solution\Header.h(302,9): warning C4101: 'J': unreferenced local variable
C:\Users\Teoh\New folder\mum-call-for-code\cplex\Proof of Solution\Proof of Solution\Header.h(374,29): warning C4244: '=': conversion from 'IloInt' to 'IloNum', possible loss of data
C:\Users\Teoh\New folder\mum-call-for-code\cplex\Proof of Solution\Proof of Solution\Header.h(407,29): warning C4244: '=': conversion from 'IloInt' to 'IloNum', possible loss of data
C:\Users\Teoh\New folder\mum-call-for-code\cplex\Proof of Solution\Proof of Solution\Header.h(437,9): warning C4101: 'i': unreferenced local variable
C:\Users\Teoh\New folder\mum-call-for-code\cplex\Proof of Solution\Proof of Solution\Header.h(444,9): warning C4101: 'i': unreferenced local variable
C:\Users\Teoh\New folder\mum-call-for-code\cplex\Proof of Solution\Proof of Solution\Header.h(451,9): warning C4101: 'i': unreferenced local variable
C:\Users\Teoh\New folder\mum-call-for-code\cplex\Proof of Solution\Proof of Solution\Header.h(458,9): warning C4101: 'i': unreferenced local variable
C:\Users\Teoh\New folder\mum-call-for-code\cplex\Proof of Solution\Proof of Solution\Header.h(473,9): warning C4101: 'i': unreferenced local variable
C:\Users\Teoh\New folder\mum-call-for-code\cplex\Proof of Solution\Proof of Solution\PoSo verifing.cpp(87,12): warning C4244: 'initializing': conversion from 'IloInt' to 'int', possible loss of data
  Generating code
  183 of 535 functions (34.2%) were compiled, the rest were copied from previous compilation.
    15 functions were new in current compilation
    75 functions had inline decision re-evaluated but remain unchanged
  Finished generating code
concert.lib(iloalg.obj) : warning LNK4099: PDB 'concert.pdb' was not found with 'concert.lib(iloalg.obj)' or at 'C:\Users\Teoh\New folder\mum-call-for-code\cplex\Proof of Solution\x64\Release\concert.pdb'; linking object as if no debug info
concert.lib(iloallocator.obj) : warning LNK4099: PDB 'concert.pdb' was not found with 'concert.lib(iloallocator.obj)' or at 'C:\Users\Teoh\New folder\mum-call-for-code\cplex\Proof of Solution\x64\Release\concert.pdb'; linking object as if no debug info
concert.lib(iloanyexpr.obj) : warning LNK4099: PDB 'concert.pdb' was not found with 'concert.lib(iloanyexpr.obj)' or at 'C:\Users\Teoh\New folder\mum-call-for-code\cplex\Proof of Solution\x64\Release\concert.pdb'; linking object as if no debug info
concert.lib(iloconstraint.obj) : warning LNK4099: PDB 'concert.pdb' was not found with 'concert.lib(iloconstraint.obj)' or at 'C:\Users\Teoh\New folder\mum-call-for-code\cplex\Proof of Solution\x64\Release\concert.pdb'; linking object as if no debug info
concert.lib(iloenv.obj) : warning LNK4099: PDB '' was not found with 'concert.lib(iloenv.obj)' or at ''; linking object as if no debug info
concert.lib(iloexpression.obj) : warning LNK4099: PDB 'concert.pdb' was not found with 'concert.lib(iloexpression.obj)' or at 'C:\Users\Teoh\New folder\mum-call-for-code\cplex\Proof of Solution\x64\Release\concert.pdb'; linking object as if no debug info
concert.lib(iloextractable.obj) : warning LNK4099: PDB 'concert.pdb' was not found with 'concert.lib(iloextractable.obj)' or at 'C:\Users\Teoh\New folder\mum-call-for-code\cplex\Proof of Solution\x64\Release\concert.pdb'; linking object as if no debug info
concert.lib(ilohash.obj) : warning LNK4099: PDB '' was not found with 'concert.lib(ilohash.obj)' or at ''; linking object as if no debug info
concert.lib(iloiterator.obj) : warning LNK4099: PDB 'concert.pdb' was not found with 'concert.lib(iloiterator.obj)' or at 'C:\Users\Teoh\New folder\mum-call-for-code\cplex\Proof of Solution\x64\Release\concert.pdb'; linking object as if no debug info
concert.lib(ilomap.obj) : warning LNK4099: PDB 'concert.pdb' was not found with 'concert.lib(ilomap.obj)' or at 'C:\Users\Teoh\New folder\mum-call-for-code\cplex\Proof of Solution\x64\Release\concert.pdb'; linking object as if no debug info
concert.lib(ilorandom.obj) : warning LNK4099: PDB '' was not found with 'concert.lib(ilorandom.obj)' or at ''; linking object as if no debug info
concert.lib(ilosatomi.obj) : warning LNK4099: PDB 'concert.pdb' was not found with 'concert.lib(ilosatomi.obj)' or at 'C:\Users\Teoh\New folder\mum-call-for-code\cplex\Proof of Solution\x64\Release\concert.pdb'; linking object as if no debug info
concert.lib(ilosbasic.obj) : warning LNK4099: PDB 'concert.pdb' was not found with 'concert.lib(ilosbasic.obj)' or at 'C:\Users\Teoh\New folder\mum-call-for-code\cplex\Proof of Solution\x64\Release\concert.pdb'; linking object as if no debug info
concert.lib(ilosdisplayi.obj) : warning LNK4099: PDB 'concert.pdb' was not found with 'concert.lib(ilosdisplayi.obj)' or at 'C:\Users\Teoh\New folder\mum-call-for-code\cplex\Proof of Solution\x64\Release\concert.pdb'; linking object as if no debug info
concert.lib(iloserror.obj) : warning LNK4099: PDB 'concert.pdb' was not found with 'concert.lib(iloserror.obj)' or at 'C:\Users\Teoh\New folder\mum-call-for-code\cplex\Proof of Solution\x64\Release\concert.pdb'; linking object as if no debug info
concert.lib(iloset.obj) : warning LNK4099: PDB 'concert.pdb' was not found with 'concert.lib(iloset.obj)' or at 'C:\Users\Teoh\New folder\mum-call-for-code\cplex\Proof of Solution\x64\Release\concert.pdb'; linking object as if no debug info
concert.lib(ilosmodel.obj) : warning LNK4099: PDB 'concert.pdb' was not found with 'concert.lib(ilosmodel.obj)' or at 'C:\Users\Teoh\New folder\mum-call-for-code\cplex\Proof of Solution\x64\Release\concert.pdb'; linking object as if no debug info
concert.lib(ilosolution.obj) : warning LNK4099: PDB 'concert.pdb' was not found with 'concert.lib(ilosolution.obj)' or at 'C:\Users\Teoh\New folder\mum-call-for-code\cplex\Proof of Solution\x64\Release\concert.pdb'; linking object as if no debug info
concert.lib(ilossequencei.obj) : warning LNK4099: PDB '' was not found with 'concert.lib(ilossequencei.obj)' or at ''; linking object as if no debug info
concert.lib(ilossol.obj) : warning LNK4099: PDB 'concert.pdb' was not found with 'concert.lib(ilossol.obj)' or at 'C:\Users\Teoh\New folder\mum-call-for-code\cplex\Proof of Solution\x64\Release\concert.pdb'; linking object as if no debug info
concert.lib(ilosstructi.obj) : warning LNK4099: PDB 'concert.pdb' was not found with 'concert.lib(ilosstructi.obj)' or at 'C:\Users\Teoh\New folder\mum-call-for-code\cplex\Proof of Solution\x64\Release\concert.pdb'; linking object as if no debug info
concert.lib(ilostimei.obj) : warning LNK4099: PDB '' was not found with 'concert.lib(ilostimei.obj)' or at ''; linking object as if no debug info
concert.lib(ilothread.obj) : warning LNK4099: PDB 'concert.pdb' was not found with 'concert.lib(ilothread.obj)' or at 'C:\Users\Teoh\New folder\mum-call-for-code\cplex\Proof of Solution\x64\Release\concert.pdb'; linking object as if no debug info
concert.lib(ilotypes.obj) : warning LNK4099: PDB 'concert.pdb' was not found with 'concert.lib(ilotypes.obj)' or at 'C:\Users\Teoh\New folder\mum-call-for-code\cplex\Proof of Solution\x64\Release\concert.pdb'; linking object as if no debug info
concert.lib(ilocollection.obj) : warning LNK4099: PDB 'concert.pdb' was not found with 'concert.lib(ilocollection.obj)' or at 'C:\Users\Teoh\New folder\mum-call-for-code\cplex\Proof of Solution\x64\Release\concert.pdb'; linking object as if no debug info
concert.lib(ilocollectioniterator.obj) : warning LNK4099: PDB '' was not found with 'concert.lib(ilocollectioniterator.obj)' or at ''; linking object as if no debug info
concert.lib(ilocollectionoperator.obj) : warning LNK4099: PDB 'concert.pdb' was not found with 'concert.lib(ilocollectionoperator.obj)' or at 'C:\Users\Teoh\New folder\mum-call-for-code\cplex\Proof of Solution\x64\Release\concert.pdb'; linking object as if no debug info
concert.lib(ilocollectionstruct.obj) : warning LNK4099: PDB 'concert.pdb' was not found with 'concert.lib(ilocollectionstruct.obj)' or at 'C:\Users\Teoh\New folder\mum-call-for-code\cplex\Proof of Solution\x64\Release\concert.pdb'; linking object as if no debug info
concert.lib(ilosimplecollection.obj) : warning LNK4099: PDB 'concert.pdb' was not found with 'concert.lib(ilosimplecollection.obj)' or at 'C:\Users\Teoh\New folder\mum-call-for-code\cplex\Proof of Solution\x64\Release\concert.pdb'; linking object as if no debug info
concert.lib(ilocsvreader.obj) : warning LNK4099: PDB 'concert.pdb' was not found with 'concert.lib(ilocsvreader.obj)' or at 'C:\Users\Teoh\New folder\mum-call-for-code\cplex\Proof of Solution\x64\Release\concert.pdb'; linking object as if no debug info
concert.lib(ilointervalsi.obj) : warning LNK4099: PDB 'concert.pdb' was not found with 'concert.lib(ilointervalsi.obj)' or at 'C:\Users\Teoh\New folder\mum-call-for-code\cplex\Proof of Solution\x64\Release\concert.pdb'; linking object as if no debug info
concert.lib(ilonumfunci.obj) : warning LNK4099: PDB '' was not found with 'concert.lib(ilonumfunci.obj)' or at ''; linking object as if no debug info
concert.lib(iloparami.obj) : warning LNK4099: PDB 'concert.pdb' was not found with 'concert.lib(iloparami.obj)' or at 'C:\Users\Teoh\New folder\mum-call-for-code\cplex\Proof of Solution\x64\Release\concert.pdb'; linking object as if no debug info
concert.lib(iloskiplist.obj) : warning LNK4099: PDB 'concert.pdb' was not found with 'concert.lib(iloskiplist.obj)' or at 'C:\Users\Teoh\New folder\mum-call-for-code\cplex\Proof of Solution\x64\Release\concert.pdb'; linking object as if no debug info
concert.lib(evalexpand.obj) : warning LNK4099: PDB 'concert.pdb' was not found with 'concert.lib(evalexpand.obj)' or at 'C:\Users\Teoh\New folder\mum-call-for-code\cplex\Proof of Solution\x64\Release\concert.pdb'; linking object as if no debug info
concert.lib(evalkernel.obj) : warning LNK4099: PDB 'concert.pdb' was not found with 'concert.lib(evalkernel.obj)' or at 'C:\Users\Teoh\New folder\mum-call-for-code\cplex\Proof of Solution\x64\Release\concert.pdb'; linking object as if no debug info
concert.lib(evaluator.obj) : warning LNK4099: PDB 'concert.pdb' was not found with 'concert.lib(evaluator.obj)' or at 'C:\Users\Teoh\New folder\mum-call-for-code\cplex\Proof of Solution\x64\Release\concert.pdb'; linking object as if no debug info
concert.lib(strtod.obj) : warning LNK4099: PDB 'concert.pdb' was not found with 'concert.lib(strtod.obj)' or at 'C:\Users\Teoh\New folder\mum-call-for-code\cplex\Proof of Solution\x64\Release\concert.pdb'; linking object as if no debug info
  Proof of Solution.vcxproj -> C:\Users\Teoh\New folder\mum-call-for-code\cplex\Proof of Solution\x64\Release\Proof of Solution.exe
